C51 COMPILER V9.54   MAIN                                                                  07/26/2022 19:10:21 PAGE 1   


C51 COMPILER V9.54, COMPILATION OF MODULE MAIN
OBJECT MODULE PLACED IN .\output\main.obj
COMPILER INVOKED BY: F:\keil51\C51\BIN\C51.EXE main.c COMPACT OMF2 OPTIMIZE(8,SPEED) BROWSE INCDIR(..\DEVICE\inc;..\DRIV
                    -E\inc) DEBUG PRINT(.\lst\main.lst) TABS(2) OBJECT(.\output\main.obj)

line level    source

   1          
   2          #ifndef _MAIN_C_
   3          #define _MAIN_C_
   4          /*********************************************************************************************************
             -************/
   5          #include "ca51f003_config.h"
   6          #include "ca51f003sfr.h"
   7          #include "ca51f003xsfr.h"
   8          #include "gpiodef_f003.h"
   9          #include "system_clock.h"
  10          
  11          #include "uart.h"
  12          #include "delay.h"
  13          #include "MDC04_IIC.h"
  14          
  15          #include "IIC.h"
  16          
  17          #include <intrins.h>
  18          #include <stdio.h>
  19          /*********************************************************************************************************
             -************/
  20          extern float CapCfg_offset, CapCfg_range;
  21          extern  float fcap1,fcap2,fcap3,fcap4;
  22          unsigned char a= 0xef;
  23          //unsigned short b =0xef56;
  24          void main(void)
  25          {
  26   1        unsigned char cos =0x28,cfb =0xff,Coscfg;
  27   1      
  28   1      #ifdef LVD_RST_ENABLE
  29   1        LVDCON = 0xE0;    //设置LVD复位电压为2V
  30   1      #endif
  31   1        
  32   1        Sys_Clk_Set_XOSCH();  //设置系统时钟为XOSCH
  33   1        Uart2_Initial(UART2_BAUTRATE);
  34   1        
  35   1        I2C_Init();
  36   1       WriteCosConfig(cos,cfb);
  37   1      
  38   1        EA = 1;   //开全局中断
  39   1      
  40   1        
  41   1        while(1)
  42   1        {
  43   2            
  44   2           
  45   2      //     ReadCosConfig(Coscfg);
  46   2          uart_printf("ok - ");
  47   2          MDC04_ConvertCap();
  48   2          Delay_ms(100);
  49   2          MDC04_ReadCap(&fcap1,&fcap2,&fcap3,&fcap4);
  50   2        uart_printf("cap1=%.3f,cap2=%.3f,",fcap1,fcap2);
  51   2        uart_printf("cap3=%.3f,cap4=%.3f\n",fcap3,fcap4);
  52   2          Delay_ms(1000);
C51 COMPILER V9.54   MAIN                                                                  07/26/2022 19:10:21 PAGE 2   

  53   2      
  54   2        }
  55   1      }
*** WARNING C280 IN LINE 26 OF main.c: 'Coscfg': unreferenced local variable
  56          #endif


MODULE INFORMATION:   STATIC OVERLAYABLE
   CODE SIZE        =    206    ----
   CONSTANT SIZE    =     48    ----
   XDATA SIZE       =   ----    ----
   PDATA SIZE       =      1       3
   DATA SIZE        =   ----    ----
   IDATA SIZE       =   ----    ----
   BIT SIZE         =   ----    ----
   EDATA SIZE       =   ----    ----
   HDATA SIZE       =   ----    ----
   XDATA CONST SIZE =   ----    ----
   FAR CONST SIZE   =   ----    ----
END OF MODULE INFORMATION.


C51 COMPILATION COMPLETE.  1 WARNING(S),  0 ERROR(S)
