C51 COMPILER V9.54   OSC                                                                   03/18/2022 15:23:24 PAGE 1   


C51 COMPILER V9.54, COMPILATION OF MODULE OSC
OBJECT MODULE PLACED IN .\output\osc.obj
COMPILER INVOKED BY: D:\work_soft\Keil5\C51\BIN\C51.EXE ..\DRIVE\src\osc.c OMF2 OPTIMIZE(8,SPEED) BROWSE INCDIR(..\DEVIC
                    -E\inc;..\DRIVE\inc) DEBUG PRINT(.\lst\osc.lst) OBJECT(.\output\osc.obj)

line level    source

   1          #ifndef _OSC_C_
   2          #define _OSC_C_
   3          
   4          
   5          #include "osc.h"
   6          #include "delay.h"
   7          
   8          
   9          static unsigned char cap_ready = 0;
  10          
  11          
  12          ////float CapFromFreq(float frequency)
  13          ////{
  14          ////    float omg, Cy, Csnsr;
  15          ////    omg = 2.0*pi*frequency ;
  16          ////    if(frequency > 0.0) 
  17          ////    {
  18          ////            Cy = (1.0E21/omg/omg/L2) - V7_Cn;  //pF
  19          ////            Csnsr=Cy*C12/(C12-Cy)-19;
  20          ////            return Csnsr;
  21          ////    }
  22          
  23          ////    else return -1.0E12; //Negative infinite.
  24          ////}
  25          
  26          void OSC_Freq_GPIO_Init(void)
  27          {
  28   1              P05F = (P05F&0x18) | (0x02 << 5) | 0x01;        //P0.5 上拉、复用为T0
  29   1              P05C = P05C & (~0x20);          //弱上拉
  30   1      }
  31          
  32          void OSC_POWER_GPIO_Init(void)
  33          {
  34   1              //振荡电路供电IO初始化  未实现
  35   1              
  36   1              OSC_POWER_OFF;          //关闭振荡电路电源      未实现
  37   1      }
  38          
  39          void Freq_RefTimer_OPM_Init(void)
  40          {
  41   1              TR1 = 0;        //定时器1失能
  42   1              ET1 = 1;        //定时器1中断使能
  43   1              
  44   1              TMOD = (TMOD&0x0F) | (1 << 4);  //模式选择: 定时器1，模式1。
  45   1              
  46   1              TH1 = 0;        //Timer1 高8位
  47   1              TL1 = 0;        //Timer1 低8位
  48   1      }
  49          
  50          void Freq_CountTimer_OPM_Init(void)
  51          {
  52   1              TR0 = 0;        //定时器0失能
  53   1              ET0 = 0;        //定时器0中断失能
  54   1              
C51 COMPILER V9.54   OSC                                                                   03/18/2022 15:23:24 PAGE 2   

  55   1              TMOD = (TMOD&0xF0) | (1 << 2) | (1 << 0);       //模式选择: 计数器0，模式1。
  56   1              
  57   1              TH0 = 0;        //Timer0 高8位
  58   1              TL0 = 0;        //Timer0 低8位
  59   1      }
  60          
  61          void VNTDC_Start_OPM(void)
  62          {
  63   1              unsigned int ref_tim_cnt;
  64   1              
  65   1              ref_tim_cnt = 65536 - (FOSC / (12000/CAP_MEASURE_TIME));
  66   1              
  67   1              //配置 计数TIM Counter 初始值
  68   1              TH0 = 0;
  69   1              TL0 = 0;
  70   1              
  71   1              //配置 定时TIM Counter 初始值
  72   1              TH1 = (unsigned char)((ref_tim_cnt & 0xff00) >> 8);             //Timer1 高8位
  73   1              TL1 = (unsigned char)(ref_tim_cnt & 0x00ff);    //Timer1 低8位
  74   1              
  75   1              cap_ready = 0;
  76   1              
  77   1              //定时器使能
  78   1              TR0 = 1;
  79   1              TR1 = 1;
  80   1      }
  81          
  82          unsigned int OSC_Measure(void)
  83          {
  84   1              unsigned long Tick_TimeOut = 100000;
  85   1              unsigned int FreqCounts;
  86   1              
  87   1              /*****************************开始电容测量*****************************/
  88   1              
  89   1              OSC_POWER_ON;   //开启振荡电路电源      未实现
  90   1              
  91   1              //测温  未实现
  92   1              
  93   1              Delay_ms(OSC_POWER_STEADY_TIME - TEMP_MEASURE_TIME);
  94   1              
  95   1              VNTDC_Start_OPM();
  96   1              
  97   1              while(!cap_ready)//等待TM1溢出
  98   1              {
  99   2                      if(!Tick_TimeOut--) 
 100   2                      {
 101   3                              break;
 102   3                      }
 103   2              }
 104   1              
 105   1              FreqCounts = (TH0*256) | TL0;   //读取振荡计数
 106   1              
 107   1              
 108   1              OSC_POWER_OFF;  //关闭振荡电路电源      未实现
 109   1              /**********************************************************************/
 110   1      
 111   1              return FreqCounts;
 112   1      }
 113          
 114          void TIMER1_ISR (void) interrupt 3
 115          {
 116   1              //关闭TIM
C51 COMPILER V9.54   OSC                                                                   03/18/2022 15:23:24 PAGE 3   

 117   1              TR0 = 0;        //TIM0失能
 118   1              TR1 = 0;        //TIM1失能
 119   1              
 120   1              cap_ready = 1;
 121   1      }
 122          
 123          #endif


MODULE INFORMATION:   STATIC OVERLAYABLE
   CODE SIZE        =    134    ----
   CONSTANT SIZE    =   ----    ----
   XDATA SIZE       =   ----    ----
   PDATA SIZE       =   ----    ----
   DATA SIZE        =      1       4
   IDATA SIZE       =   ----    ----
   BIT SIZE         =   ----    ----
   EDATA SIZE       =   ----    ----
   HDATA SIZE       =   ----    ----
   XDATA CONST SIZE =   ----    ----
   FAR CONST SIZE   =   ----    ----
END OF MODULE INFORMATION.


C51 COMPILATION COMPLETE.  0 WARNING(S),  0 ERROR(S)
