C51 COMPILER V9.54   MAIN                                                                  04/13/2022 19:58:01 PAGE 1   


C51 COMPILER V9.54, COMPILATION OF MODULE MAIN
OBJECT MODULE PLACED IN .\output\main.obj
COMPILER INVOKED BY: F:\keil51\C51\BIN\C51.EXE main.c COMPACT OMF2 OPTIMIZE(8,SPEED) BROWSE INCDIR(..\DEVICE\inc;..\DRIV
                    -E\inc) DEBUG PRINT(.\lst\main.lst) TABS(2) OBJECT(.\output\main.obj)

line level    source

   1          
   2          #ifndef _MAIN_C_
   3          #define _MAIN_C_
   4          /*********************************************************************************************************
             -************/
   5          #include "ca51f003_config.h"
   6          #include "ca51f003sfr.h"
   7          #include "ca51f003xsfr.h"
   8          #include "gpiodef_f003.h"
   9          #include "system_clock.h"
  10          
  11          #include "uart.h"
  12          #include "delay.h"
  13          #include "MDC04.h"
  14          
  15          #include "owmy.h"
  16          
  17          #include <intrins.h>
  18          #include <stdio.h>
  19          /*********************************************************************************************************
             -************/
  20          extern float CapCfg_offset, CapCfg_range;
  21          unsigned char a= 0xef;
  22          //unsigned short b =0xef56;
  23          void main(void)
  24          {
  25   1        unsigned char cos =0x28,cfb =0xff;
  26   1        unsigned int FreqCounts=80;
  27   1      #ifdef LVD_RST_ENABLE
  28   1        LVDCON = 0xE0;    //设置LVD复位电压为2V
  29   1      #endif
  30   1        
  31   1        Sys_Clk_Set_XOSCH();  //设置系统时钟为XOSCH
  32   1        Uart2_Initial(UART2_BAUTRATE);
  33   1        
  34   1        OW_Init();
  35   1       
  36   1      
  37   1        EA = 1;   //开全局中断
  38   1        
  39   1       
  40   1        while(1)
  41   1        {
  42   2              uart_printf("W2- ");
  43   2          writeCosCfb(&cos,&cfb);
  44   2         ReadCapConfigure(&CapCfg_offset, &CapCfg_range);
  45   2            Delay_ms(2);
  46   2              Convert_TC1();
  47   2        
  48   2      //        readparameter();
  49   2          Delay_ms(1000);
  50   2      //    uart_printf("hex = %bx  u16=%x \n",a,b);
  51   2      //     OW_Reset();
  52   2      //    ConvertTemp();
C51 COMPILER V9.54   MAIN                                                                  04/13/2022 19:58:01 PAGE 2   

  53   2      
  54   2      //    uart_printf("Cap cnt = %u\n",FreqCounts);
  55   2        }
  56   1      }
  57          #endif


MODULE INFORMATION:   STATIC OVERLAYABLE
   CODE SIZE        =    110    ----
   CONSTANT SIZE    =      5    ----
   XDATA SIZE       =   ----    ----
   PDATA SIZE       =      1       4
   DATA SIZE        =   ----    ----
   IDATA SIZE       =   ----    ----
   BIT SIZE         =   ----    ----
   EDATA SIZE       =   ----    ----
   HDATA SIZE       =   ----    ----
   XDATA CONST SIZE =   ----    ----
   FAR CONST SIZE   =   ----    ----
END OF MODULE INFORMATION.


C51 COMPILATION COMPLETE.  0 WARNING(S),  0 ERROR(S)
