C51 COMPILER V9.54   SYSTEM_CLOCK                                                          07/26/2022 19:10:23 PAGE 1   


C51 COMPILER V9.54, COMPILATION OF MODULE SYSTEM_CLOCK
OBJECT MODULE PLACED IN .\output\system_clock.obj
COMPILER INVOKED BY: F:\keil51\C51\BIN\C51.EXE ..\DEVICE\src\system_clock.c COMPACT OMF2 OPTIMIZE(8,SPEED) BROWSE INCDIR
                    -(..\DEVICE\inc;..\DRIVE\inc) DEBUG PRINT(.\lst\system_clock.lst) TABS(2) OBJECT(.\output\system_clock.obj)

line level    source

   1          #ifndef _SYSTEM_CLOCK_C_
   2          #define _SYSTEM_CLOCK_C_
   3          /*********************************************************************************************************
             -************/
   4          #include "ca51f003_config.h"    
   5          #include "ca51f003sfr.h"
   6          #include "ca51f003xsfr.h"
   7          #include "gpiodef_f003.h"
   8          #include "system_clock.h"
   9          
  10          #include "delay.h"
  11          #include <intrins.h>
  12          /*********************************************************************************************************
             -************/
  13          
  14          
  15          /***********************************************************************************
  16          函数名  ：    Sys_Clk_Set_IRCH                      
  17          功能描述：    设置系统时钟为IRCH
  18          输入参数：    无
  19          返回值  ：    无
  20          ***********************************************************************************/
  21          void Sys_Clk_Set_IRCH(void)
  22          {
  23   1        CKCON |= IHCKE;                     //IRCH时钟使能
  24   1        CKSEL = (CKSEL&0xF8) | CKSEL_IRCH;  //系统时钟切换到IRCH
  25   1      }
  26          /***********************************************************************************/
  27          
  28          
  29          
  30          /***********************************************************************************
  31          函数名  ：    Sys_Clk_Set_IRCL                      
  32          功能描述：    设置系统时钟为IRCL
  33          输入参数：    无
  34          返回值  ：    无
  35          ***********************************************************************************/
  36          void Sys_Clk_Set_IRCL(void)
  37          {
  38   1        CKCON |= ILCKE;                     //IRCL时钟使能
  39   1        Delay_ms(1);            //使能IRCL后延时1ms，等待IRCL稳定
  40   1        CKSEL = (CKSEL&0xF8) | CKSEL_IRCL;  //系统时钟切换到IRCL  
  41   1      }
  42          /***********************************************************************************/
  43          
  44          
  45          
  46          /***********************************************************************************
  47          函数名  ：    Sys_Clk_Set_XOSCH                     
  48          功能描述：    设置系统时钟为XOSCH 
  49          输入参数：    无
  50          返回值  ：    无
  51          ***********************************************************************************/
  52          void Sys_Clk_Set_XOSCH(void)
C51 COMPILER V9.54   SYSTEM_CLOCK                                                          07/26/2022 19:10:23 PAGE 2   

  53          {
  54   1        GPIO_Init(P17F,P17_XOSCH_OUT_SETTING);
  55   1        GPIO_Init(P30F,P30_XOSCH_IN_SETTING);
  56   1        CKCON &= ~XHCS;
  57   1        XHISEL = 0x06;
  58   1        CKCON |= XHCKE; 
  59   1        while(!(CKCON & XHSTA));
  60   1        CKSEL = (CKSEL&0xF8) | CKSEL_XOSCH;   
  61   1      }
  62          
  63          
  64          /***********************************************************************************
  65          函数名  ：    Sys_Clk_Set_XCLK_IN                     
  66          功能描述：    设置系统时钟为XCLK  
  67          输入参数：    无
  68          返回值  ：    无
  69          ***********************************************************************************/
  70          void Sys_Clk_Set_XCLK_IN(void)
  71          {
  72   1        GPIO_Init(P30F,P30_CLKI_SETTING);
  73   1        CKCON |= XHCS;
  74   1        CKSEL = (CKSEL&0xF8) | CKSEL_XOSCH;   
  75   1      }
  76          
  77          /*********************************************************************************************************
             -************/
  78          #endif


MODULE INFORMATION:   STATIC OVERLAYABLE
   CODE SIZE        =    109    ----
   CONSTANT SIZE    =   ----    ----
   XDATA SIZE       =   ----    ----
   PDATA SIZE       =   ----    ----
   DATA SIZE        =   ----    ----
   IDATA SIZE       =   ----    ----
   BIT SIZE         =   ----    ----
   EDATA SIZE       =   ----    ----
   HDATA SIZE       =   ----    ----
   XDATA CONST SIZE =   ----    ----
   FAR CONST SIZE   =   ----    ----
END OF MODULE INFORMATION.


C51 COMPILATION COMPLETE.  0 WARNING(S),  0 ERROR(S)
