C51 COMPILER V9.54   DELAY                                                                 04/13/2022 19:58:01 PAGE 1   


C51 COMPILER V9.54, COMPILATION OF MODULE DELAY
OBJECT MODULE PLACED IN .\output\delay.obj
COMPILER INVOKED BY: F:\keil51\C51\BIN\C51.EXE ..\DRIVE\src\delay.c COMPACT OMF2 OPTIMIZE(8,SPEED) BROWSE INCDIR(..\DEVI
                    -CE\inc;..\DRIVE\inc) DEBUG PRINT(.\lst\delay.lst) TABS(2) OBJECT(.\output\delay.obj)

line level    source

   1          #ifndef _Delay_C_
   2          #define _Delay_C_
   3          #include <intrins.h>
   4          
   5          #include "delay.h"
   6          void Delay_50us(unsigned int n)    
   7          {
   8   1        unsigned char i;
   9   1      
  10   1        while(n--)
  11   1        {
  12   2          for(i=0;i<90;i++);
  13   2        }
  14   1      }
  15          
  16          void Delay_us(unsigned int n)    
  17          {
  18   1        unsigned char i;
  19   1      
  20   1        while(n--)
  21   1        {
  22   2          _nop_(); _nop_(); _nop_(); _nop_(); _nop_(); _nop_();  _nop_(); _nop_(); _nop_(); _nop_();
  23   2        }
  24   1      }
*** WARNING C280 IN LINE 18 OF ..\DRIVE\src\delay.c: 'i': unreferenced local variable
  25          
  26          
  27          void Delay_ms(unsigned int n)
  28          {
  29   1        while(n--)
  30   1        {
  31   2      //    Delay_50us(20);
  32   2          Delay_us(1000);
  33   2        }
  34   1      }
  35          /*********************************************************************************************************
             -************/
  36          #endif


MODULE INFORMATION:   STATIC OVERLAYABLE
   CODE SIZE        =     69    ----
   CONSTANT SIZE    =   ----    ----
   XDATA SIZE       =   ----    ----
   PDATA SIZE       =   ----       1
   DATA SIZE        =   ----    ----
   IDATA SIZE       =   ----    ----
   BIT SIZE         =   ----    ----
   EDATA SIZE       =   ----    ----
   HDATA SIZE       =   ----    ----
   XDATA CONST SIZE =   ----    ----
   FAR CONST SIZE   =   ----    ----
END OF MODULE INFORMATION.


C51 COMPILATION COMPLETE.  1 WARNING(S),  0 ERROR(S)
