C51 COMPILER V9.54   UART                                                                  04/13/2022 19:58:02 PAGE 1   


C51 COMPILER V9.54, COMPILATION OF MODULE UART
OBJECT MODULE PLACED IN .\output\uart.obj
COMPILER INVOKED BY: F:\keil51\C51\BIN\C51.EXE ..\DRIVE\src\uart.c COMPACT OMF2 OPTIMIZE(8,SPEED) BROWSE INCDIR(..\DEVIC
                    -E\inc;..\DRIVE\inc) DEBUG PRINT(.\lst\uart.lst) TABS(2) OBJECT(.\output\uart.obj)

line level    source

   1          #ifndef _UART_C_
   2          #define _UART_C_
   3          #include "ca51f003_config.h"    
   4          #include "ca51f003sfr.h"
   5          #include "ca51f003xsfr.h"
   6          #include "gpiodef_f003.h"
   7          
   8          #include "uart.h"
   9          #include <intrins.h>
  10          #include <string.h>
  11          #include <stdarg.h>
  12          #include <stdlib.h>
  13          #include <stdio.h>
  14          #include <absacc.h>
  15          /*********************************************************************************************************
             -************/
  16          /*********************************************************************************************************
             -************/
  17          //注意： 以下波特率参数对应主时钟为16M，如选择另外的主时钟频率，参数须重新计算。
  18          code unsigned long int BR_TAB[]=
  19          {
  20            9600,
  21            38400,
  22            115200,
  23          };
  24          code unsigned int BR_SET_TAB[][2]=
  25          {
  26            {100,24},
  27            {25,24},
  28            {8,25},
  29          };
  30          #ifdef UART1_EN
              void Uart1_Initial(unsigned long int baudrate)
              {
              
                unsigned int value_temp;
                unsigned char i;
              
                uart1_send.head=0;
                uart1_send.tail=0;
                uart1_rev.head=0;
                uart1_rev.tail=0;
                uart1_tx_flag=0;
              
                for(i=0;i<sizeof(BR_TAB)/4;i++)
                {
                  if(baudrate == BR_TAB[i])
                  {
                    value_temp = 0x400 - BR_SET_TAB[i][0];
                    UDCKS1 = 0x80 | BR_SET_TAB[i][1]; 
                    break;
                  }
                }
                if(i == sizeof(BR_TAB)/4) return; //如果所设置的波特率不在表格中，可自行添加。
C51 COMPILER V9.54   UART                                                                  04/13/2022 19:58:02 PAGE 2   

              
                GPIO_Init(P07F,P07_UART1_RX_SETTING);
                GPIO_Init(P06F,P06_UART1_TX_SETTING);
              
                S1RELH = (unsigned char)(value_temp>>8);
                S1RELL = (unsigned char)(value_temp);
                
                S1CON = 0xD0;
                ES1 = 1;  
              }
              void Uart1_PutChar(unsigned char bdat)
              {
                unsigned char free_space;
                unsigned char tail_tmp;
                while(1)
                {   
                  tail_tmp = uart1_send.tail;
                  if(uart1_send.head < tail_tmp)
                  {
                    free_space = tail_tmp - uart1_send.head;
                  }
                  else
                  {
                    free_space = UART1_TX_BUF_SIZE + tail_tmp - uart1_send.head;
                  }   
                  if(free_space > 1)
                  {
                    ES1 = 0; 
                    uart1_send.head++;
                    uart1_send.head %= UART1_TX_BUF_SIZE;
                    uart1_tx_buf[uart1_send.head] = bdat;
                    if(!uart1_tx_flag)
                    {
                      ES1 = 1;
                      uart1_send.tail++;
                      uart1_send.tail %= UART1_TX_BUF_SIZE;   
                      S1BUF = uart1_tx_buf[uart1_send.tail];        
                      uart1_tx_flag = 1;    
                    }
                    else
                    {
                      ES1 = 1;  
                    }     
                    break;
                  }
                }
              }
              void UART1_ISR (void) interrupt 6 
              {
                if(S1CON & 0x01)
                {
                  S1CON = (S1CON&~(0x03))|0x01;      
                  uart1_rev.head++;
                  uart1_rev.head %= UART1_RX_BUF_SIZE;
                  uart1_rx_buf[uart1_rev.head]=S1BUF;
                }
                if(S1CON & 0x02)
                {
                  S1CON = (S1CON&~(0x03))|0x02; 
                  if(uart1_send.head!=uart1_send.tail)
                  {
                    uart1_send.tail++;
C51 COMPILER V9.54   UART                                                                  04/13/2022 19:58:02 PAGE 3   

                    uart1_send.tail %= UART1_TX_BUF_SIZE;
                    S1BUF=uart1_tx_buf[uart1_send.tail];        
                  }
                  else
                  {
                    uart1_tx_flag=0;
                  }   
                }
              }
              #endif
 125          #ifdef UART2_EN
 126          void Uart2_Initial(unsigned long int baudrate)
 127          {
 128   1        unsigned int value_temp,i;
 129   1      
 130   1        uart2_send.head=0;
 131   1        uart2_send.tail=0;
 132   1        uart2_rev.head=0;
 133   1        uart2_rev.tail=0;
 134   1        uart2_tx_flag=0;
 135   1      
 136   1        GPIO_Init(P16F,P16_UART2_TX_SETTING);
 137   1        GPIO_Init(P02F,P02_UART2_RX_SETTING);
 138   1      
 139   1        for(i=0;i<sizeof(BR_TAB)/4;i++)
 140   1        {
 141   2          if(baudrate == BR_TAB[i])
 142   2          {
 143   3            value_temp = 0x400 - BR_SET_TAB[i][0];
 144   3            UDCKS2 = 0x80 | BR_SET_TAB[i][1]; 
 145   3            break;
 146   3          }
 147   2        }
 148   1        if(i == sizeof(BR_TAB)/4) return; //如果所设置的波特率不在表格中，可自行添加。
 149   1      
 150   1        S2RELH = (unsigned char)(value_temp>>8);
 151   1        S2RELL = (unsigned char)(value_temp);
 152   1        
 153   1        S2CON = 0xD0;
 154   1        INT3EN =  1;  
 155   1      }
 156          void Uart2_PutChar(unsigned char bdat)
 157          {
 158   1        unsigned char free_space;
 159   1        unsigned char tail_tmp;
 160   1        while(1)
 161   1        {   
 162   2          tail_tmp = uart2_send.tail;
 163   2          if(uart2_send.head < tail_tmp)
 164   2          {
 165   3            free_space = tail_tmp - uart2_send.head;
 166   3          }
 167   2          else
 168   2          {
 169   3            free_space = UART2_TX_BUF_SIZE + tail_tmp - uart2_send.head;
 170   3          }   
 171   2          if(free_space > 1)
 172   2          {
 173   3            INT3EN = 0; 
 174   3            uart2_send.head++;
 175   3            uart2_send.head %= UART2_TX_BUF_SIZE;
 176   3            uart2_tx_buf[uart2_send.head] = bdat;     
C51 COMPILER V9.54   UART                                                                  04/13/2022 19:58:02 PAGE 4   

 177   3            if(!uart2_tx_flag)
 178   3            {
 179   4              INT3EN = 1;
 180   4              uart2_send.tail++;
 181   4              uart2_send.tail %= UART2_TX_BUF_SIZE;     
 182   4              S2BUF = uart2_tx_buf[uart2_send.tail];        
 183   4              uart2_tx_flag = 1;    
 184   4            }
 185   3            else
 186   3            {
 187   4              INT3EN = 1; 
 188   4            }     
 189   3            break;
 190   3          }
 191   2        }
 192   1      }
 193          void UART2_ISR (void) interrupt 8 
 194          {
 195   1        if(S2CON & 0x01)
 196   1        {
 197   2          S2CON = (S2CON&~(0x03))|0x01;      
 198   2          uart2_rev.head++;
 199   2          uart2_rev.head %= UART2_RX_BUF_SIZE;
 200   2          uart2_rx_buf[uart2_rev.head]=S2BUF;
 201   2        }
 202   1        if(S2CON & 0x02)
 203   1        {
 204   2          S2CON = (S2CON&~(0x03))|0x02; 
 205   2          if(uart2_send.head!=uart2_send.tail)
 206   2          {
 207   3            uart2_send.tail++;
 208   3            uart2_send.tail %= UART2_TX_BUF_SIZE;
 209   3            S2BUF=uart2_tx_buf[uart2_send.tail];        
 210   3          }
 211   2          else
 212   2          {
 213   3            uart2_tx_flag=0;
 214   3          }   
 215   2        }
 216   1      }
 217          #endif
 218          
 219          #ifdef PRINT_EN
 220            #ifdef UART1_PRINT
                  #define Uart_PutChar  Uart1_PutChar
                #elif defined  UART2_PRINT
 223              #define Uart_PutChar  Uart2_PutChar
 224            #endif
 225          void UartPutStr(char *str)
 226          {
 227   1        while(*str)
 228   1        { 
 229   2          Uart_PutChar(*str++);
 230   2        }
 231   1      }
 232          void uart_printf(char *fmt,...) 
 233          {
 234   1          va_list ap;
 235   1          char xdata string[150];
 236   1          va_start(ap,fmt);
 237   1          vsprintf(string,fmt,ap);
 238   1          UartPutStr(string);
C51 COMPILER V9.54   UART                                                                  04/13/2022 19:58:02 PAGE 5   

 239   1          va_end(ap);
 240   1      }
 241          char putchar(char c)//重定向
 242          { 
 243   1        Uart_PutChar(c);  
 244   1        return c;
 245   1      }
 246          #endif
 247          /*********************************************************************************************************
             -************/
 248          #endif


MODULE INFORMATION:   STATIC OVERLAYABLE
   CODE SIZE        =    567    ----
   CONSTANT SIZE    =     24    ----
   XDATA SIZE       =    124     150
   PDATA SIZE       =   ----      32
   DATA SIZE        =   ----    ----
   IDATA SIZE       =   ----    ----
   BIT SIZE         =      1    ----
   EDATA SIZE       =   ----    ----
   HDATA SIZE       =   ----    ----
   XDATA CONST SIZE =   ----    ----
   FAR CONST SIZE   =   ----    ----
END OF MODULE INFORMATION.


C51 COMPILATION COMPLETE.  0 WARNING(S),  0 ERROR(S)
